<?xml version="1.0" encoding="UTF-8"?>
<testsuite xmlns:xsi="http://www.w3.org/2001/XMLSchema-instance" xsi:noNamespaceSchemaLocation="https://maven.apache.org/surefire/maven-surefire-plugin/xsd/surefire-test-report.xsd" name="Runner.Runner" time="402.514" tests="18" errors="0" skipped="0" failures="3">
  <properties>
[...]
</properties>
  <testcase name="runScenario" classname="Runner.Runner" time="16.914"/>
  <testcase name="runScenario" classname="Runner.Runner" time="17.053"/>
  <testcase name="runScenario" classname="Runner.Runner" time="17.299"/>
  <testcase name="runScenario" classname="Runner.Runner" time="13.23"/>
  <testcase name="runScenario" classname="Runner.Runner" time="14.338"/>
  <testcase name="runScenario" classname="Runner.Runner" time="17.366"/>
  <testcase name="runScenario" classname="Runner.Runner" time="16.259"/>
  <testcase name="runScenario" classname="Runner.Runner" time="14.793"/>
  <testcase name="runScenario" classname="Runner.Runner" time="23.468">
    <failure message="Expected condition failed: waiting for url to contain &quot;https://demo.nopcommerce.com/nokia-lumia-1020&quot;. Current url: &quot;https://demo.nopcommerce.com/&quot; (tried for 10 second(s) with 500 milliseconds interval)&#10;Build info: version: &apos;4.1.2&apos;, revision: &apos;9a5a329c5a&apos;&#10;System info: host: &apos;FAHD-ELSHAIKH&apos;, ip: &apos;10.10.10.198&apos;, os.name: &apos;Windows 10&apos;, os.arch: &apos;amd64&apos;, os.version: &apos;10.0&apos;, java.version: &apos;17.0.1&apos;&#10;Driver info: org.openqa.selenium.chrome.ChromeDriver&#10;Capabilities {acceptInsecureCerts: false, browserName: chrome, browserVersion: 102.0.5005.61, chrome: {chromedriverVersion: 101.0.4951.41 (93c720db8323..., userDataDir: C:\Users\FAHDEL~1\AppData\L...}, goog:chromeOptions: {debuggerAddress: localhost:54078}, javascriptEnabled: true, networkConnectionEnabled: false, pageLoadStrategy: normal, platform: WINDOWS, platformName: WINDOWS, proxy: Proxy(), se:cdp: ws://localhost:54078/devtoo..., se:cdpVersion: 102.0.5005.61, setWindowRect: true, strictFileInteractability: false, timeouts: {implicit: 0, pageLoad: 300000, script: 30000}, unhandledPromptBehavior: dismiss and notify, webauthn:extension:credBlob: true, webauthn:extension:largeBlob: true, webauthn:virtualAuthenticators: true}&#10;Session ID: 78fbe18a5f04af2363d07bd97ffc38ca" type="org.openqa.selenium.TimeoutException">org.openqa.selenium.TimeoutException: 
Expected condition failed: waiting for url to contain "https://demo.nopcommerce.com/nokia-lumia-1020". Current url: "https://demo.nopcommerce.com/" (tried for 10 second(s) with 500 milliseconds interval)
Build info: version: '4.1.2', revision: '9a5a329c5a'
System info: host: 'FAHD-ELSHAIKH', ip: '10.10.10.198', os.name: 'Windows 10', os.arch: 'amd64', os.version: '10.0', java.version: '17.0.1'
Driver info: org.openqa.selenium.chrome.ChromeDriver
Capabilities {acceptInsecureCerts: false, browserName: chrome, browserVersion: 102.0.5005.61, chrome: {chromedriverVersion: 101.0.4951.41 (93c720db8323..., userDataDir: C:\Users\FAHDEL~1\AppData\L...}, goog:chromeOptions: {debuggerAddress: localhost:54078}, javascriptEnabled: true, networkConnectionEnabled: false, pageLoadStrategy: normal, platform: WINDOWS, platformName: WINDOWS, proxy: Proxy(), se:cdp: ws://localhost:54078/devtoo..., se:cdpVersion: 102.0.5005.61, setWindowRect: true, strictFileInteractability: false, timeouts: {implicit: 0, pageLoad: 300000, script: 30000}, unhandledPromptBehavior: dismiss and notify, webauthn:extension:credBlob: true, webauthn:extension:largeBlob: true, webauthn:virtualAuthenticators: true}
Session ID: 78fbe18a5f04af2363d07bd97ffc38ca
</failure>
    <system-err><![CDATA[Starting ChromeDriver 101.0.4951.41 (93c720db8323b3ec10d056025ab95c23a31997c9-refs/branch-heads/4951@{#904}) on port 63915
Only local connections are allowed.
Please see https://chromedriver.chromium.org/security-considerations for suggestions on keeping ChromeDriver safe.
ChromeDriver was started successfully.
[1653509345.730][WARNING]: This version of ChromeDriver has not been tested with Chrome version 102.
May 25, 2022 10:09:07 PM org.openqa.selenium.remote.ProtocolHandshake createSession
INFO: Detected dialect: W3C
May 25, 2022 10:09:07 PM org.openqa.selenium.devtools.CdpVersionFinder findNearestMatch
WARNING: Unable to find an exact match for CDP version 102, so returning the closest version found: a no-op implementation
May 25, 2022 10:09:07 PM org.openqa.selenium.devtools.CdpVersionFinder findNearestMatch
INFO: Unable to find CDP implementation matching 102.
May 25, 2022 10:09:07 PM org.openqa.selenium.chromium.ChromiumDriver lambda$new$3
WARNING: Unable to find version of CDP to use for . You may need to include a dependency on a specific version of the CDP using something similar to `org.seleniumhq.selenium:selenium-devtools-v86:4.1.2` where the version ("v86") matches the version of the chromium-based browser you're using and the version number of the artifact is the same as Selenium's.
]]></system-err>
  </testcase>
  <testcase name="runScenario" classname="Runner.Runner" time="26.043">
    <failure message="Expected condition failed: waiting for url to contain &quot;https://demo.nopcommerce.com/iphone-6&quot;. Current url: &quot;https://demo.nopcommerce.com/&quot; (tried for 10 second(s) with 500 milliseconds interval)&#10;Build info: version: &apos;4.1.2&apos;, revision: &apos;9a5a329c5a&apos;&#10;System info: host: &apos;FAHD-ELSHAIKH&apos;, ip: &apos;10.10.10.198&apos;, os.name: &apos;Windows 10&apos;, os.arch: &apos;amd64&apos;, os.version: &apos;10.0&apos;, java.version: &apos;17.0.1&apos;&#10;Driver info: org.openqa.selenium.chrome.ChromeDriver&#10;Capabilities {acceptInsecureCerts: false, browserName: chrome, browserVersion: 102.0.5005.61, chrome: {chromedriverVersion: 101.0.4951.41 (93c720db8323..., userDataDir: C:\Users\FAHDEL~1\AppData\L...}, goog:chromeOptions: {debuggerAddress: localhost:54118}, javascriptEnabled: true, networkConnectionEnabled: false, pageLoadStrategy: normal, platform: WINDOWS, platformName: WINDOWS, proxy: Proxy(), se:cdp: ws://localhost:54118/devtoo..., se:cdpVersion: 102.0.5005.61, setWindowRect: true, strictFileInteractability: false, timeouts: {implicit: 0, pageLoad: 300000, script: 30000}, unhandledPromptBehavior: dismiss and notify, webauthn:extension:credBlob: true, webauthn:extension:largeBlob: true, webauthn:virtualAuthenticators: true}&#10;Session ID: bb9b77218ca269070ff3b0a5856dbc0b" type="org.openqa.selenium.TimeoutException">org.openqa.selenium.TimeoutException: 
Expected condition failed: waiting for url to contain "https://demo.nopcommerce.com/iphone-6". Current url: "https://demo.nopcommerce.com/" (tried for 10 second(s) with 500 milliseconds interval)
Build info: version: '4.1.2', revision: '9a5a329c5a'
System info: host: 'FAHD-ELSHAIKH', ip: '10.10.10.198', os.name: 'Windows 10', os.arch: 'amd64', os.version: '10.0', java.version: '17.0.1'
Driver info: org.openqa.selenium.chrome.ChromeDriver
Capabilities {acceptInsecureCerts: false, browserName: chrome, browserVersion: 102.0.5005.61, chrome: {chromedriverVersion: 101.0.4951.41 (93c720db8323..., userDataDir: C:\Users\FAHDEL~1\AppData\L...}, goog:chromeOptions: {debuggerAddress: localhost:54118}, javascriptEnabled: true, networkConnectionEnabled: false, pageLoadStrategy: normal, platform: WINDOWS, platformName: WINDOWS, proxy: Proxy(), se:cdp: ws://localhost:54118/devtoo..., se:cdpVersion: 102.0.5005.61, setWindowRect: true, strictFileInteractability: false, timeouts: {implicit: 0, pageLoad: 300000, script: 30000}, unhandledPromptBehavior: dismiss and notify, webauthn:extension:credBlob: true, webauthn:extension:largeBlob: true, webauthn:virtualAuthenticators: true}
Session ID: bb9b77218ca269070ff3b0a5856dbc0b
</failure>
    <system-err><![CDATA[Starting ChromeDriver 101.0.4951.41 (93c720db8323b3ec10d056025ab95c23a31997c9-refs/branch-heads/4951@{#904}) on port 53391
Only local connections are allowed.
Please see https://chromedriver.chromium.org/security-considerations for suggestions on keeping ChromeDriver safe.
ChromeDriver was started successfully.
[1653509369.690][WARNING]: This version of ChromeDriver has not been tested with Chrome version 102.
May 25, 2022 10:09:31 PM org.openqa.selenium.remote.ProtocolHandshake createSession
INFO: Detected dialect: W3C
May 25, 2022 10:09:31 PM org.openqa.selenium.devtools.CdpVersionFinder findNearestMatch
WARNING: Unable to find an exact match for CDP version 102, so returning the closest version found: a no-op implementation
May 25, 2022 10:09:31 PM org.openqa.selenium.devtools.CdpVersionFinder findNearestMatch
INFO: Unable to find CDP implementation matching 102.
May 25, 2022 10:09:31 PM org.openqa.selenium.chromium.ChromiumDriver lambda$new$3
WARNING: Unable to find version of CDP to use for . You may need to include a dependency on a specific version of the CDP using something similar to `org.seleniumhq.selenium:selenium-devtools-v86:4.1.2` where the version ("v86") matches the version of the chromium-based browser you're using and the version number of the artifact is the same as Selenium's.
]]></system-err>
  </testcase>
  <testcase name="runScenario" classname="Runner.Runner" time="20.676"/>
  <testcase name="runScenario" classname="Runner.Runner" time="15.851">
    <failure message="no such element: Unable to locate element: {&quot;method&quot;:&quot;xpath&quot;,&quot;selector&quot;:&quot;/html/body/div[6]/div[4]/div[1]/div[4]/div[1]/ul/li[2]/a&quot;}&#10;  (Session info: chrome=102.0.5005.61)&#10;For documentation on this error, please visit: https://selenium.dev/exceptions/#no_such_element&#10;Build info: version: &apos;4.1.2&apos;, revision: &apos;9a5a329c5a&apos;&#10;System info: host: &apos;FAHD-ELSHAIKH&apos;, ip: &apos;10.10.10.198&apos;, os.name: &apos;Windows 10&apos;, os.arch: &apos;amd64&apos;, os.version: &apos;10.0&apos;, java.version: &apos;17.0.1&apos;&#10;Driver info: org.openqa.selenium.chrome.ChromeDriver&#10;Command: [1f95540125998f4f91dcac65fdd94f61, findElement {using=xpath, value=/html/body/div[6]/div[4]/div[1]/div[4]/div[1]/ul/li[2]/a}]&#10;Capabilities {acceptInsecureCerts: false, browserName: chrome, browserVersion: 102.0.5005.61, chrome: {chromedriverVersion: 101.0.4951.41 (93c720db8323..., userDataDir: C:\Users\FAHDEL~1\AppData\L...}, goog:chromeOptions: {debuggerAddress: localhost:54209}, javascriptEnabled: true, networkConnectionEnabled: false, pageLoadStrategy: normal, platform: WINDOWS, platformName: WINDOWS, proxy: Proxy(), se:cdp: ws://localhost:54209/devtoo..., se:cdpVersion: 102.0.5005.61, setWindowRect: true, strictFileInteractability: false, timeouts: {implicit: 0, pageLoad: 300000, script: 30000}, unhandledPromptBehavior: dismiss and notify, webauthn:extension:credBlob: true, webauthn:extension:largeBlob: true, webauthn:virtualAuthenticators: true}&#10;Session ID: 1f95540125998f4f91dcac65fdd94f61" type="org.openqa.selenium.NoSuchElementException">org.openqa.selenium.NoSuchElementException: 
no such element: Unable to locate element: {"method":"xpath","selector":"/html/body/div[6]/div[4]/div[1]/div[4]/div[1]/ul/li[2]/a"}
  (Session info: chrome=102.0.5005.61)
For documentation on this error, please visit: https://selenium.dev/exceptions/#no_such_element
Build info: version: '4.1.2', revision: '9a5a329c5a'
System info: host: 'FAHD-ELSHAIKH', ip: '10.10.10.198', os.name: 'Windows 10', os.arch: 'amd64', os.version: '10.0', java.version: '17.0.1'
Driver info: org.openqa.selenium.chrome.ChromeDriver
Command: [1f95540125998f4f91dcac65fdd94f61, findElement {using=xpath, value=/html/body/div[6]/div[4]/div[1]/div[4]/div[1]/ul/li[2]/a}]
Capabilities {acceptInsecureCerts: false, browserName: chrome, browserVersion: 102.0.5005.61, chrome: {chromedriverVersion: 101.0.4951.41 (93c720db8323..., userDataDir: C:\Users\FAHDEL~1\AppData\L...}, goog:chromeOptions: {debuggerAddress: localhost:54209}, javascriptEnabled: true, networkConnectionEnabled: false, pageLoadStrategy: normal, platform: WINDOWS, platformName: WINDOWS, proxy: Proxy(), se:cdp: ws://localhost:54209/devtoo..., se:cdpVersion: 102.0.5005.61, setWindowRect: true, strictFileInteractability: false, timeouts: {implicit: 0, pageLoad: 300000, script: 30000}, unhandledPromptBehavior: dismiss and notify, webauthn:extension:credBlob: true, webauthn:extension:largeBlob: true, webauthn:virtualAuthenticators: true}
Session ID: 1f95540125998f4f91dcac65fdd94f61
</failure>
    <system-out><![CDATA[esources/Features/F04_Currency_Change.feature:17&amp#27;[0m
  &amp#27;[32mGiven &amp#27;[0m&amp#27;[32muser navigate to home page&amp#27;[0m    &amp#27;[90m# StepDefinations.ST04_Change_Currency_StepDefination.navigate_To_HomePage()&amp#27;[0m
  &amp#27;[32mAnd &amp#27;[0m&amp#27;[32mselect US Dollar&amp#27;[0m                &amp#27;[90m# StepDefinations.ST04_Change_Currency_StepDefination.select_$()&amp#27;[0m
  &amp#27;[32mThen &amp#27;[0m&amp#27;[32m$ currency is selected&amp#27;[0m         &amp#27;[90m# StepDefinations.ST04_Change_Currency_StepDefination.$_is_selected()&amp#27;[0m

@SmokeTest @Hover
Scenario: user could hover on categories and select subcategory &amp#27;[90m# src/main/resources/Features/F05_Hover_Category.feature:7&amp#27;[0m
  &amp#27;[32mGiven &amp#27;[0m&amp#27;[32muser open browser&amp#27;[0m                                       &amp#27;[90m# StepDefinations.ST05_HoverOnCategory_StepDefination.Open_Browser()&amp#27;[0m
  &amp#27;[32mAnd &amp#27;[0m&amp#27;[32muser navigate to home page to hover on category&amp#27;[0m           &amp#27;[90m# StepDefinations.ST05_HoverOnCategory_StepDefination.NavigateHomePage()&amp#27;[0m
  &amp#27;[32mWhen &amp#27;[0m&amp#27;[32muser hover category and select subcategory&amp#27;[0m               &amp#27;[90m# StepDefinations.ST05_HoverOnCategory_StepDefination.HoverOnCategory()&amp#27;[0m
  &amp#27;[32mAnd &amp#27;[0m&amp#27;[32muser select subcategory from main category&amp#27;[0m                &amp#27;[90m# StepDefinations.ST05_HoverOnCategory_StepDefination.selectSubcategory()&amp#27;[0m
  &amp#27;[32mThen &amp#27;[0m&amp#27;[32muser select the subcategory successfully&amp#27;[0m                 &amp#27;[90m# StepDefinations.ST05_HoverOnCategory_StepDefination.SelectionSuccess()&amp#27;[0m

@SmokeTest @Slider
Scenario: first slider ( Nokia Lumia 1020 ) is clickable on home page &amp#27;[90m# src/main/resources/Features/F06_HomeSliders.feature:12&amp#27;[0m
  &amp#27;[32mGiven &amp#27;[0m&amp#27;[32mopen browser&amp#27;[0m                                                  &amp#27;[90m# StepDefinations.ST06_Slider_StepDefination.BrowserOpen()&amp#27;[0m
  &amp#27;[32mAnd &amp#27;[0m&amp#27;[32mnavigate to home_page&amp#27;[0m                                           &amp#27;[90m# StepDefinations.ST06_Slider_StepDefination.NavigateHomePage()&amp#27;[0m
  &amp#27;[32mWhen &amp#27;[0m&amp#27;[32muser click on first slider&amp#27;[0m                                     &amp#27;[90m# StepDefinations.ST06_Slider_StepDefination.FirstSliderClicked()&amp#27;[0m
  &amp#27;[31mThen &amp#27;[0m&amp#27;[31mfirst slider item page opened successfully&amp#27;[0m                     &amp#27;[90m# StepDefinations.ST06_Slider_StepDefination.FirstSliderPageOpened()&amp#27;[0m
      &amp#27;[31morg.openqa.selenium.TimeoutException: Expected condition failed: waiting for url to contain "https://demo.nopcommerce.com/nokia-lumia-1020". Current url: "https://demo.nopcommerce.com/" (tried for 10 second(s) with 500 milliseconds interval)
Build info: version: '4.1.2', revision: '9a5a329c5a'
System info: host: 'FAHD-ELSHAIKH', ip: '10.10.10.198', os.name: 'Windows 10', os.arch: 'amd64', os.version: '10.0', java.version: '17.0.1'
Driver info: org.openqa.selenium.chrome.ChromeDriver
Capabilities {acceptInsecureCerts: false, browserName: chrome, browserVersion: 102.0.5005.61, chrome: {chromedriverVersion: 101.0.4951.41 (93c720db8323..., userDataDir: C:\Users\FAHDEL~1\AppData\L...}, goog:chromeOptions: {debuggerAddress: localhost:54078}, javascriptEnabled: true, networkConnectionEnabled: false, pageLoadStrategy: normal, platform: WINDOWS, platformName: WINDOWS, proxy: Proxy(), se:cdp: ws://localhost:54078/devtoo..., se:cdpVersion: 102.0.5005.61, setWindowRect: true, strictFileInteractability: false, timeouts: {implicit: 0, pageLoad: 300000, script: 30000}, unhandledPromptBehavior: dismiss and notify, webauthn:extension:credBlob: true, webauthn:extension:largeBlob: true, webauthn:virtualAuthenticators: true}
Session ID: 78fbe18a5f04af2363d07bd97ffc38ca
	at org.openqa.selenium.support.ui.WebDriverWait.timeoutException(WebDriverWait.java:138)
	at org.openqa.selenium.support.ui.FluentWait.until(FluentWait.java:231)
	at StepDefinations.ST06_Slider_StepDefination.FirstSliderPageOpened(ST06_Slider_StepDefination.java:67)
	at âœ½.first slider item page opened successfully(file:///C:/Users/FahdElShaikh/IdeaProjects/FWD_Auto_Project_Cucumber/src/main/resources/Features/F06_HomeSliders.feature:17)
&amp#27;[0m

@SmokeTest @Slider
Scenario: second slider ( iPhone ) is clickable on home page &amp#27;[90m# src/main/resources/Features/F06_HomeSliders.feature:21&amp#27;[0m
  &amp#27;[32mGiven &amp#27;[0m&amp#27;[32mopen browser&amp#27;[0m                                         &amp#27;[90m# StepDefinations.ST06_Slider_StepDefination.BrowserOpen()&amp#27;[0m
  &amp#27;[32mAnd &amp#27;[0m&amp#27;[32mnavigate to home_page&amp#27;[0m                                  &amp#27;[90m# StepDefinations.ST06_Slider_StepDefination.NavigateHomePage()&amp#27;[0m
  &amp#27;[32mWhen &amp#27;[0m&amp#27;[32muser click on second slider&amp#27;[0m                           &amp#27;[90m# StepDefinations.ST06_Slider_StepDefination.SecondSliderClicked()&amp#27;[0m
  &amp#27;[31mThen &amp#27;[0m&amp#27;[31msecond slider item page opened successfully&amp#27;[0m           &amp#27;[90m# StepDefinations.ST06_Slider_StepDefination.SecondSliderPageOpened()&amp#27;[0m
      &amp#27;[31morg.openqa.selenium.TimeoutException: Expected condition failed: waiting for url to contain "https://demo.nopcommerce.com/iphone-6". Current url: "https://demo.nopcommerce.com/" (tried for 10 second(s) with 500 milliseconds interval)
Build info: version: '4.1.2', revision: '9a5a329c5a'
System info: host: 'FAHD-ELSHAIKH', ip: '10.10.10.198', os.name: 'Windows 10', os.arch: 'amd64', os.version: '10.0', java.version: '17.0.1'
Driver info: org.openqa.selenium.chrome.ChromeDriver
Capabilities {acceptInsecureCerts: false, browserName: chrome, browserVersion: 102.0.5005.61, chrome: {chromedriverVersion: 101.0.4951.41 (93c720db8323..., userDataDir: C:\Users\FAHDEL~1\AppData\L...}, goog:chromeOptions: {debuggerAddress: localhost:54118}, javascriptEnabled: true, networkConnectionEnabled: false, pageLoadStrategy: normal, platform: WINDOWS, platformName: WINDOWS, proxy: Proxy(), se:cdp: ws://localhost:54118/devtoo..., se:cdpVersion: 102.0.5005.61, setWindowRect: true, strictFileInteractability: false, timeouts: {implicit: 0, pageLoad: 300000, script: 30000}, unhandledPromptBehavior: dismiss and notify, webauthn:extension:credBlob: true, webauthn:extension:largeBlob: true, webauthn:virtualAuthenticators: true}
Session ID: bb9b77218ca269070ff3b0a5856dbc0b
	at org.openqa.selenium.support.ui.WebDriverWait.timeoutException(WebDriverWait.java:138)
	at org.openqa.selenium.support.ui.FluentWait.until(FluentWait.java:231)
	at StepDefinations.ST06_Slider_StepDefination.SecondSliderPageOpened(ST06_Slider_StepDefination.java:77)
	at âœ½.second slider item page opened successfully(file:///C:/Users/FahdElShaikh/IdeaProjects/FWD_Auto_Project_Cucumber/src/main/resources/Features/F06_HomeSliders.feature:26)
&amp#27;[0m

@SmokeTest @FollowUs
Scenario: user opens facebook link &amp#27;[90m# src/main/resources/Features/F07_FollowUs.feature:11&amp#27;[0m
  &amp#27;[32mGiven &amp#27;[0m&amp#27;[32mOpen The Browser&amp#27;[0m           &amp#27;[90m# StepDefinations.ST07_FollowUs_StepDefination.OpenBrowser()&amp#27;[0m
  &amp#27;[32mAnd &amp#27;[0m&amp#27;[32mNavigate To HomePage&amp#27;[0m         &amp#27;[90m# StepDefinations.ST07_FollowUs_StepDefination.NavigateHomePage()&amp#27;[0m
  &amp#27;[32mWhen &amp#27;[0m&amp#27;[32mclick the facebook link&amp#27;[0m     &amp#27;[90m# StepDefinations.ST07_FollowUs_StepDefination.Click_On_Facebook_Link()&amp#27;[0m
  &amp#27;[32mThen &amp#27;[0m&amp#27;[32mFacebook opened in new tab&amp#27;[0m  &amp#27;[90m# StepDefinations.ST07_FollowUs_StepDefination.Facebook_Link_Opened()&amp#27;[0m

@SmokeTest @FollowUs
Scenario: user opens twitter link     &amp#27;[90m# src/main/resources/Features/F07_FollowUs.feature:19&amp#27;[0m
  &amp#27;[32mGiven &amp#27;[0m&amp#27;[32mOpen The Browser&amp#27;[0m              &amp#27;[90m# StepDefinations.ST07_FollowUs_StepDefination.OpenBrowser()&amp#27;[0m
  &amp#27;[32mAnd &amp#27;[0m&amp#27;[32mNavigate To HomePage&amp#27;[0m            &amp#27;[90m# StepDefinations.ST07_FollowUs_StepDefination.NavigateHomePage()&amp#27;[0m
  &amp#27;[31mWhen &amp#27;[0m&amp#27;[31muser click on the twitter link&amp#27;[0m &amp#27;[90m# StepDefinations.ST07_FollowUs_StepDefination.Click_On_Twitter_Link()&amp#27;[0m
      &amp#27;[31morg.openqa.selenium.NoSuchElementException: no such element: Unable to locate element: {"method":"xpath","selector":"/html/body/div[6]/div[4]/div[1]/div[4]/div[1]/ul/li[2]/a"}
  (Session info: chrome=102.0.5005.61)
For documentation on this error, please visit: https://selenium.dev/exceptions/#no_such_element
Build info: version: '4.1.2', revision: '9a5a329c5a'
System info: host: 'FAHD-ELSHAIKH', ip: '10.10.10.198', os.name: 'Windows 10', os.arch: 'amd64', os.version: '10.0', java.version: '17.0.1'
Driver info: org.openqa.selenium.chrome.ChromeDriver
Command: [1f9554012]]></system-out>
    <system-err><![CDATA[Starting ChromeDriver 101.0.4951.41 (93c720db8323b3ec10d056025ab95c23a31997c9-refs/branch-heads/4951@{#904}) on port 58345
Only local connections are allowed.
Please see https://chromedriver.chromium.org/security-considerations for suggestions on keeping ChromeDriver safe.
ChromeDriver was started successfully.
[1653509416.193][WARNING]: This version of ChromeDriver has not been tested with Chrome version 102.
May 25, 2022 10:10:17 PM org.openqa.selenium.remote.ProtocolHandshake createSession
INFO: Detected dialect: W3C
May 25, 2022 10:10:17 PM org.openqa.selenium.devtools.CdpVersionFinder findNearestMatch
WARNING: Unable to find an exact match for CDP version 102, so returning the closest version found: a no-op implementation
May 25, 2022 10:10:17 PM org.openqa.selenium.devtools.CdpVersionFinder findNearestMatch
INFO: Unable to find CDP implementation matching 102.
May 25, 2022 10:10:17 PM org.openqa.selenium.chromium.ChromiumDriver lambda$new$3
WARNING: Unable to find version of CDP to use for . You may need to include a dependency on a specific version of the CDP using something similar to `org.seleniumhq.selenium:selenium-devtools-v86:4.1.2` where the version ("v86") matches the version of the chromium-based browser you're using and the version number of the artifact is the same as Selenium's.
]]></system-err>
  </testcase>
  <testcase name="runScenario" classname="Runner.Runner" time="13.547"/>
  <testcase name="runScenario" classname="Runner.Runner" time="16.783"/>
  <testcase name="runScenario" classname="Runner.Runner" time="37.067"/>
  <testcase name="runScenario" classname="Runner.Runner" time="33.211"/>
  <testcase name="runScenario" classname="Runner.Runner" time="45.728"/>
  <testcase name="runScenario" classname="Runner.Runner" time="36.079"/>
</testsuite>